%!Adobe-FontList 1.13
%Locale:0x409

%BeginFont
Handler:DirectoryHandler
FontType:Invalid
OutlineFileName:C:\ACTUAL\Font\chawpwebfont.woff
FileModTime:1412292764
%EndFont

%BeginFont
Handler:DirectoryHandler
FontType:Invalid
OutlineFileName:C:\ACTUAL\Font\encode-sans.condensed-bold.woff
FileModTime:1412292764
%EndFont

%BeginFont
Handler:DirectoryHandler
FontType:Invalid
OutlineFileName:C:\ACTUAL\Font\encode-sans.condensed-extralight.woff
FileModTime:1412292764
%EndFont

%BeginFont
Handler:DirectoryHandler
FontType:Invalid
OutlineFileName:C:\ACTUAL\Font\encode-sans.condensed-medium.woff
FileModTime:1412292764
%EndFont

%BeginFont
Handler:DirectoryHandler
FontType:TrueType
FontName:Handlee-Regular
FamilyName:Handlee
StyleName:Regular
FullName:Handlee Regular
MenuName:Handlee
StyleBits:0
WritingScript:Roman
OutlineFileName:C:\ACTUAL\Font\Handlee-Regular.ttf
DataFormat:sfntData
FileLength:39132
FileModTime:1412292764
WeightClass:400
WidthClass:5
AngleClass:0
%EndFont

%BeginFont
Handler:DirectoryHandler
FontType:Invalid
OutlineFileName:C:\ACTUAL\Font\mclaren.regular.woff
FileModTime:1412292764
%EndFont

